[12:25:13] Log started: /home/zandronum/config/server.log__2025_11_29-12_25_13.log, Sat Nov 29 12:25:13 2025
[12:25:14] I_Init: Setting up machine state.
[12:25:14] CPU Vendor ID: GenuineIntel
[12:25:14]   Name: 12th Gen Intel(R) Core(TM) i9-12900HK
[12:25:14]   Family 6, Model 154, Stepping 3
[12:25:14]   Features: MMX SSE SSE2 SSE3 SSSE3 SSE4.1 SSE4.2
[12:25:14] Using in-memory database. The database will not be saved on exit.
[12:25:14] IPFileParser::parseIPList: could not open adminlist.txt: No such file or directory
[12:25:14] IPFileParser::parseIPList: could not open whitelist.txt: No such file or directory
[12:25:14] IPFileParser::parseIPList: could not open banlist.txt: No such file or directory
[12:25:14] S_Init: Setting up sound.
[12:25:14] ST_Init: Init startup screen.
[12:25:14] Checking cmd-line parameters...
[12:25:14] S_InitData: Load sound definitions.
[12:25:14] G_ParseMapInfo: Load map definitions.
[12:25:14] Texman.Init: Init texture manager.
[12:25:14] ParseTeamInfo: Load team definitions.
[12:25:14] LoadActors: Load actor definitions.
[12:25:14] R_Init: Init Doom refresh subsystem.
[12:25:14] DecalLibrary: Load decals.
[12:25:14] PWO_Init: Initializing preferred weapon order.
[12:25:14] M_Init: Init menus.
[12:25:14] P_Init: Init Playloop state.
[12:25:14] ParseSBarInfo: Loading default status bar definition.
[12:25:14] ParseSBarInfo: Loading custom status bar definition.
[12:25:14] ParseScorInfo: Loading scoreboard definition.
[12:25:14] D_CheckNetGame: Checking network game status.
[12:25:14] using alternate port 10667
[12:25:14] player 1 of 1 (1 nodes)
[12:25:14] Initializing network subsystem.
[12:25:14] Server using alternate port 10667.
[12:25:14] IP address 172.17.0.2:10667
[12:25:14] GeoIP initialization failed.
[12:25:14] UDP Initialized.
[12:25:19] NAT discovery error: Fail to find an UPNP NAT.
[12:25:19] 
[12:25:19] 
[12:25:19] *** MAP01: entryway ***
[12:25:19] 
